2020-01-18 09:56:12.004 [main] WARN  o.s.c.a.ClassPathScanningCandidateComponentProvider - No MyBatis mapper was found in '[com.process.boot]' package. Please check your configuration.
2020-01-18 09:56:12.020 [main] WARN  o.s.c.a.ClassPathScanningCandidateComponentProvider - No MyBatis mapper was found in '[com.process.boot]' package. Please check your configuration.
2020-01-18 09:56:16.032 [main] WARN  o.s.b.w.s.c.AnnotationConfigServletWebServerApplicationContext - Exception encountered during context initialization - cancelling refresh attempt: org.springframework.beans.factory.BeanCreationException: Error creating bean with name 'mqConsumer' defined in file [/Users/xukaixuan/IdeaProjects/xboot/target/classes/com/process/boot/mq/MqConsumer.class]: Initialization of bean failed; nested exception is java.lang.IllegalArgumentException: Exchange name required; binding queue xboot.hello
2020-01-18 09:58:38.508 [main] WARN  o.s.c.a.ClassPathScanningCandidateComponentProvider - No MyBatis mapper was found in '[com.process.boot]' package. Please check your configuration.
2020-01-18 09:58:38.524 [main] WARN  o.s.c.a.ClassPathScanningCandidateComponentProvider - No MyBatis mapper was found in '[com.process.boot]' package. Please check your configuration.
2020-01-18 09:58:43.019 [main] WARN  o.s.b.a.o.j.JpaBaseConfiguration$JpaWebConfiguration$JpaWebMvcConfiguration - spring.jpa.open-in-view is enabled by default. Therefore, database queries may be performed during view rendering. Explicitly configure spring.jpa.open-in-view to disable this warning
2020-01-18 10:09:06.123 [main] WARN  o.s.c.a.ClassPathScanningCandidateComponentProvider - No MyBatis mapper was found in '[com.process.boot]' package. Please check your configuration.
2020-01-18 10:09:06.139 [main] WARN  o.s.c.a.ClassPathScanningCandidateComponentProvider - No MyBatis mapper was found in '[com.process.boot]' package. Please check your configuration.
2020-01-18 10:09:10.672 [main] WARN  o.s.b.a.o.j.JpaBaseConfiguration$JpaWebConfiguration$JpaWebMvcConfiguration - spring.jpa.open-in-view is enabled by default. Therefore, database queries may be performed during view rendering. Explicitly configure spring.jpa.open-in-view to disable this warning
2020-01-18 13:02:03.121 [HikariPool-1 housekeeper] WARN  com.zaxxer.hikari.pool.HikariPool - HikariPool-1 - Thread starvation or clock leap detected (housekeeper delta=31m45s285ms).
2020-01-18 13:30:30.274 [HikariPool-1 housekeeper] WARN  com.zaxxer.hikari.pool.HikariPool - HikariPool-1 - Retrograde clock change detected (housekeeper delta=26s932ms), soft-evicting connections from pool.
2020-01-18 14:59:55.792 [HikariPool-1 housekeeper] WARN  com.zaxxer.hikari.pool.HikariPool - HikariPool-1 - Thread starvation or clock leap detected (housekeeper delta=1m54s746ms).
2020-01-18 15:03:35.586 [HikariPool-1 housekeeper] WARN  com.zaxxer.hikari.pool.HikariPool - HikariPool-1 - Thread starvation or clock leap detected (housekeeper delta=3m4s450ms).
2020-01-18 15:03:35.589 [AMQP Connection 127.0.0.1:5672] WARN  com.rabbitmq.client.impl.ForgivingExceptionHandler - An unexpected connection driver error occured (Exception message: Connection reset)
2020-01-18 15:06:09.829 [HikariPool-1 housekeeper] WARN  com.zaxxer.hikari.pool.HikariPool - HikariPool-1 - Thread starvation or clock leap detected (housekeeper delta=55s800ms).
2020-01-18 15:09:16.518 [HikariPool-1 housekeeper] WARN  com.zaxxer.hikari.pool.HikariPool - HikariPool-1 - Thread starvation or clock leap detected (housekeeper delta=45s369ms).
2020-01-18 15:11:56.576 [HikariPool-1 housekeeper] WARN  com.zaxxer.hikari.pool.HikariPool - HikariPool-1 - Thread starvation or clock leap detected (housekeeper delta=2m10s56ms).
2020-01-18 15:14:50.429 [HikariPool-1 housekeeper] WARN  com.zaxxer.hikari.pool.HikariPool - HikariPool-1 - Thread starvation or clock leap detected (housekeeper delta=1m53s848ms).
2020-01-18 15:16:31.882 [HikariPool-1 housekeeper] WARN  com.zaxxer.hikari.pool.HikariPool - HikariPool-1 - Thread starvation or clock leap detected (housekeeper delta=1m41s453ms).
2020-01-18 15:17:20.214 [HikariPool-1 housekeeper] WARN  com.zaxxer.hikari.pool.HikariPool - HikariPool-1 - Thread starvation or clock leap detected (housekeeper delta=48s332ms).
2020-01-18 21:27:01.163 [HikariPool-1 housekeeper] WARN  com.zaxxer.hikari.pool.HikariPool - HikariPool-1 - Thread starvation or clock leap detected (housekeeper delta=6h9m40s949ms).
2020-01-18 21:27:02.979 [AMQP Connection 127.0.0.1:5672] WARN  com.rabbitmq.client.impl.ForgivingExceptionHandler - An unexpected connection driver error occured (Exception message: Connection reset)
2020-01-18 21:54:56.905 [HikariPool-1 housekeeper] WARN  com.zaxxer.hikari.pool.HikariPool - HikariPool-1 - Thread starvation or clock leap detected (housekeeper delta=1m51s42ms).
2020-01-18 21:58:01.294 [HikariPool-1 housekeeper] WARN  com.zaxxer.hikari.pool.HikariPool - HikariPool-1 - Thread starvation or clock leap detected (housekeeper delta=3m4s389ms).
2020-01-18 21:59:18.607 [HikariPool-1 housekeeper] WARN  com.zaxxer.hikari.pool.HikariPool - HikariPool-1 - Thread starvation or clock leap detected (housekeeper delta=46s682ms).
2020-01-18 22:01:22.933 [HikariPool-1 housekeeper] WARN  com.zaxxer.hikari.pool.HikariPool - HikariPool-1 - Thread starvation or clock leap detected (housekeeper delta=2m4s326ms).
2020-01-18 22:41:02.705 [AMQP Connection 127.0.0.1:5672] WARN  com.rabbitmq.client.impl.ForgivingExceptionHandler - An unexpected connection driver error occured (Exception message: Connection reset)
2020-01-18 22:41:32.704 [HikariPool-1 housekeeper] WARN  com.zaxxer.hikari.pool.HikariPool - HikariPool-1 - Thread starvation or clock leap detected (housekeeper delta=40m9s771ms).
