2020-01-19 14:41:22.288 [main] INFO  com.process.boot.XbootApplication - Starting XbootApplication on kai.local with PID 47739 (/Users/xukaixuan/IdeaProjects/xboot/target/classes started by xukaixuan in /Users/xukaixuan/IdeaProjects/xboot)
2020-01-19 14:41:22.291 [main] INFO  com.process.boot.XbootApplication - No active profile set, falling back to default profiles: default
2020-01-19 14:41:23.810 [main] INFO  o.s.d.r.config.RepositoryConfigurationDelegate - Multiple Spring Data modules found, entering strict repository configuration mode!
2020-01-19 14:41:23.811 [main] INFO  o.s.d.r.config.RepositoryConfigurationDelegate - Bootstrapping Spring Data repositories in DEFAULT mode.
2020-01-19 14:41:23.856 [main] INFO  o.s.d.r.config.RepositoryConfigurationDelegate - Finished Spring Data repository scanning in 31ms. Found 0 repository interfaces.
2020-01-19 14:41:23.881 [main] INFO  o.s.d.r.config.RepositoryConfigurationDelegate - Multiple Spring Data modules found, entering strict repository configuration mode!
2020-01-19 14:41:23.883 [main] INFO  o.s.d.r.config.RepositoryConfigurationDelegate - Bootstrapping Spring Data repositories in DEFAULT mode.
2020-01-19 14:41:23.934 [main] INFO  o.s.d.r.config.RepositoryConfigurationDelegate - Finished Spring Data repository scanning in 15ms. Found 0 repository interfaces.
2020-01-19 14:41:24.817 [main] INFO  o.s.c.s.PostProcessorRegistrationDelegate$BeanPostProcessorChecker - Bean 'org.springframework.transaction.annotation.ProxyTransactionManagementConfiguration' of type [org.springframework.transaction.annotation.ProxyTransactionManagementConfiguration$$EnhancerBySpringCGLIB$$f3fb34e8] is not eligible for getting processed by all BeanPostProcessors (for example: not eligible for auto-proxying)
2020-01-19 14:41:25.411 [main] INFO  o.s.boot.web.embedded.tomcat.TomcatWebServer - Tomcat initialized with port(s): 10088 (http)
2020-01-19 14:41:25.455 [main] INFO  org.apache.coyote.http11.Http11NioProtocol - Initializing ProtocolHandler ["http-nio-10088"]
2020-01-19 14:41:25.464 [main] INFO  org.apache.catalina.core.StandardService - Starting service [Tomcat]
2020-01-19 14:41:25.464 [main] INFO  org.apache.catalina.core.StandardEngine - Starting Servlet engine: [Apache Tomcat/9.0.21]
2020-01-19 14:41:25.693 [main] INFO  o.a.c.core.ContainerBase.[Tomcat].[localhost].[/] - Initializing Spring embedded WebApplicationContext
2020-01-19 14:41:25.694 [main] INFO  org.springframework.web.context.ContextLoader - Root WebApplicationContext: initialization completed in 3336 ms
2020-01-19 14:41:26.972 [main] INFO  org.hibernate.jpa.internal.util.LogHelper - HHH000204: Processing PersistenceUnitInfo [
	name: default
	...]
2020-01-19 14:41:27.122 [main] INFO  org.hibernate.Version - HHH000412: Hibernate Core {5.3.10.Final}
2020-01-19 14:41:27.124 [main] INFO  org.hibernate.cfg.Environment - HHH000206: hibernate.properties not found
2020-01-19 14:41:27.381 [main] INFO  org.hibernate.annotations.common.Version - HCANN000001: Hibernate Commons Annotations {5.0.4.Final}
2020-01-19 14:41:27.581 [main] INFO  com.zaxxer.hikari.HikariDataSource - HikariPool-1 - Starting...
2020-01-19 14:41:27.819 [main] INFO  com.zaxxer.hikari.HikariDataSource - HikariPool-1 - Start completed.
2020-01-19 14:41:27.835 [main] INFO  org.hibernate.dialect.Dialect - HHH000400: Using dialect: org.hibernate.dialect.MySQL5InnoDBDialect
2020-01-19 14:41:29.158 [main] INFO  o.s.orm.jpa.LocalContainerEntityManagerFactoryBean - Initialized JPA EntityManagerFactory for persistence unit 'default'
2020-01-19 14:41:31.721 [main] INFO  o.s.scheduling.concurrent.ThreadPoolTaskExecutor - Initializing ExecutorService 'applicationTaskExecutor'
2020-01-19 14:41:33.385 [main] INFO  t.mybatis.mapper.autoconfigure.MapperCacheDisabler - Clear tk.mybatis.mapper.util.MsUtil CLASS_CACHE cache.
2020-01-19 14:41:33.386 [main] INFO  t.mybatis.mapper.autoconfigure.MapperCacheDisabler - Clear tk.mybatis.mapper.genid.GenIdUtil CACHE cache.
2020-01-19 14:41:33.387 [main] INFO  t.mybatis.mapper.autoconfigure.MapperCacheDisabler - Clear tk.mybatis.mapper.version.VersionUtil CACHE cache.
2020-01-19 14:41:33.387 [main] INFO  t.mybatis.mapper.autoconfigure.MapperCacheDisabler - Clear EntityHelper entityTableMap cache.
2020-01-19 14:41:34.865 [main] INFO  org.quartz.impl.StdSchedulerFactory - Using default implementation for ThreadExecutor
2020-01-19 14:41:34.892 [main] INFO  org.quartz.core.SchedulerSignalerImpl - Initialized Scheduler Signaller of type: class org.quartz.core.SchedulerSignalerImpl
2020-01-19 14:41:34.892 [main] INFO  org.quartz.core.QuartzScheduler - Quartz Scheduler v.2.3.1 created.
2020-01-19 14:41:34.894 [main] INFO  org.quartz.simpl.RAMJobStore - RAMJobStore initialized.
2020-01-19 14:41:34.895 [main] INFO  org.quartz.core.QuartzScheduler - Scheduler meta-data: Quartz Scheduler (v2.3.1) 'quartzScheduler' with instanceId 'NON_CLUSTERED'
  Scheduler class: 'org.quartz.core.QuartzScheduler' - running locally.
  NOT STARTED.
  Currently in standby mode.
  Number of jobs executed: 0
  Using thread pool 'org.quartz.simpl.SimpleThreadPool' - with 10 threads.
  Using job-store 'org.quartz.simpl.RAMJobStore' - which does not support persistence. and is not clustered.

2020-01-19 14:41:34.895 [main] INFO  org.quartz.impl.StdSchedulerFactory - Quartz scheduler 'quartzScheduler' initialized from an externally provided properties instance.
2020-01-19 14:41:34.895 [main] INFO  org.quartz.impl.StdSchedulerFactory - Quartz scheduler version: 2.3.1
2020-01-19 14:41:34.895 [main] INFO  org.quartz.core.QuartzScheduler - JobFactory set to: org.springframework.scheduling.quartz.SpringBeanJobFactory@1d56d0a6
2020-01-19 14:41:34.917 [main] INFO  o.s.scheduling.concurrent.ThreadPoolTaskScheduler - Initializing ExecutorService 'taskScheduler'
2020-01-19 14:41:34.954 [main] INFO  o.s.b.actuate.endpoint.web.EndpointLinksResolver - Exposing 2 endpoint(s) beneath base path '/actuator'
2020-01-19 14:41:35.623 [main] INFO  o.s.scheduling.quartz.SchedulerFactoryBean - Starting Quartz Scheduler now
2020-01-19 14:41:35.623 [main] INFO  org.quartz.core.QuartzScheduler - Scheduler quartzScheduler_$_NON_CLUSTERED started.
2020-01-19 14:41:35.734 [main] INFO  org.apache.coyote.http11.Http11NioProtocol - Starting ProtocolHandler ["http-nio-10088"]
2020-01-19 14:41:35.736 [pool-7-thread-1] INFO  com.process.boot.config.fs.FileSystemListener - ===================
2020-01-19 14:41:35.736 [pool-7-thread-1] INFO  com.process.boot.config.fs.FileSystemListener - 文件监控启动成功！
2020-01-19 14:41:35.736 [pool-7-thread-1] INFO  com.process.boot.config.fs.FileSystemListener - ===================
2020-01-19 14:41:35.777 [main] INFO  o.s.boot.web.embedded.tomcat.TomcatWebServer - Tomcat started on port(s): 10088 (http) with context path ''
2020-01-19 14:41:35.783 [main] INFO  com.process.boot.XbootApplication - Started XbootApplication in 14.629 seconds (JVM running for 17.98)
2020-01-19 14:41:36.061 [RMI TCP Connection(6)-127.0.0.1] INFO  o.a.c.core.ContainerBase.[Tomcat].[localhost].[/] - Initializing Spring DispatcherServlet 'dispatcherServlet'
2020-01-19 14:41:36.061 [RMI TCP Connection(6)-127.0.0.1] INFO  org.springframework.web.servlet.DispatcherServlet - Initializing Servlet 'dispatcherServlet'
2020-01-19 14:41:36.076 [RMI TCP Connection(6)-127.0.0.1] INFO  org.springframework.web.servlet.DispatcherServlet - Completed initialization in 15 ms
2020-01-19 14:41:45.426 [RMI TCP Connection(7)-127.0.0.1] INFO  o.s.a.rabbit.connection.CachingConnectionFactory - Attempting to connect to: [localhost:5672]
2020-01-19 14:41:45.496 [RMI TCP Connection(7)-127.0.0.1] INFO  o.s.a.rabbit.connection.CachingConnectionFactory - Created new connection: rabbitConnectionFactory#32743ccb:0/SimpleConnection@6d9f7e7a [delegate=amqp://admin@127.0.0.1:5672/, localPort= 54268]
2020-01-19 14:41:46.633 [parallel-1] INFO  io.lettuce.core.EpollProvider - Starting without optional epoll library
2020-01-19 14:41:46.635 [parallel-1] INFO  io.lettuce.core.KqueueProvider - Starting without optional kqueue library
2020-01-19 14:42:52.736 [http-nio-10088-exec-1] INFO  com.process.boot.mq.MqController - controller接收到的data===>abb6<===
2020-01-19 14:43:12.804 [http-nio-10088-exec-2] INFO  com.process.boot.mq.MqController - controller接收到的data===>abb6<===
2020-01-19 14:47:43.894 [http-nio-10088-exec-2] INFO  o.s.a.rabbit.connection.CachingConnectionFactory - Attempting to connect to: [localhost:5672]
2020-01-19 14:47:43.902 [http-nio-10088-exec-2] INFO  o.s.a.rabbit.connection.CachingConnectionFactory - Created new connection: rabbitConnectionFactory#32743ccb:1/SimpleConnection@1e0604ea [delegate=amqp://admin@127.0.0.1:5672/, localPort= 54414]
2020-01-19 14:48:22.621 [Thread-54] INFO  org.quartz.core.QuartzScheduler - Scheduler quartzScheduler_$_NON_CLUSTERED paused.
2020-01-19 14:48:22.630 [Thread-54] INFO  o.s.scheduling.concurrent.ThreadPoolTaskScheduler - Shutting down ExecutorService 'taskScheduler'
2020-01-19 14:48:22.630 [Thread-54] INFO  o.s.scheduling.quartz.SchedulerFactoryBean - Shutting down Quartz Scheduler
2020-01-19 14:48:22.630 [Thread-54] INFO  org.quartz.core.QuartzScheduler - Scheduler quartzScheduler_$_NON_CLUSTERED shutting down.
2020-01-19 14:48:22.630 [Thread-54] INFO  org.quartz.core.QuartzScheduler - Scheduler quartzScheduler_$_NON_CLUSTERED paused.
2020-01-19 14:48:22.631 [Thread-54] INFO  org.quartz.core.QuartzScheduler - Scheduler quartzScheduler_$_NON_CLUSTERED shutdown complete.
2020-01-19 14:48:22.634 [Thread-54] INFO  o.s.scheduling.concurrent.ThreadPoolTaskExecutor - Shutting down ExecutorService 'applicationTaskExecutor'
2020-01-19 14:48:22.634 [Thread-54] INFO  o.s.orm.jpa.LocalContainerEntityManagerFactoryBean - Closing JPA EntityManagerFactory for persistence unit 'default'
2020-01-19 15:45:34.143 [main] INFO  com.process.boot.XbootApplication - Starting XbootApplication on kai.local with PID 85640 (/Users/xukaixuan/IdeaProjects/xboot/target/classes started by xukaixuan in /Users/xukaixuan/IdeaProjects/xboot)
2020-01-19 15:45:34.146 [main] INFO  com.process.boot.XbootApplication - No active profile set, falling back to default profiles: default
2020-01-19 15:45:35.076 [main] INFO  o.s.d.r.config.RepositoryConfigurationDelegate - Multiple Spring Data modules found, entering strict repository configuration mode!
2020-01-19 15:45:35.077 [main] INFO  o.s.d.r.config.RepositoryConfigurationDelegate - Bootstrapping Spring Data repositories in DEFAULT mode.
2020-01-19 15:45:35.114 [main] INFO  o.s.d.r.config.RepositoryConfigurationDelegate - Finished Spring Data repository scanning in 29ms. Found 0 repository interfaces.
2020-01-19 15:45:35.126 [main] INFO  o.s.d.r.config.RepositoryConfigurationDelegate - Multiple Spring Data modules found, entering strict repository configuration mode!
2020-01-19 15:45:35.127 [main] INFO  o.s.d.r.config.RepositoryConfigurationDelegate - Bootstrapping Spring Data repositories in DEFAULT mode.
2020-01-19 15:45:35.150 [main] INFO  o.s.d.r.config.RepositoryConfigurationDelegate - Finished Spring Data repository scanning in 15ms. Found 0 repository interfaces.
2020-01-19 15:45:35.856 [main] INFO  o.s.c.s.PostProcessorRegistrationDelegate$BeanPostProcessorChecker - Bean 'org.springframework.transaction.annotation.ProxyTransactionManagementConfiguration' of type [org.springframework.transaction.annotation.ProxyTransactionManagementConfiguration$$EnhancerBySpringCGLIB$$97c28b50] is not eligible for getting processed by all BeanPostProcessors (for example: not eligible for auto-proxying)
2020-01-19 15:45:36.194 [main] INFO  o.s.boot.web.embedded.tomcat.TomcatWebServer - Tomcat initialized with port(s): 10088 (http)
2020-01-19 15:45:36.208 [main] INFO  org.apache.coyote.http11.Http11NioProtocol - Initializing ProtocolHandler ["http-nio-10088"]
2020-01-19 15:45:36.216 [main] INFO  org.apache.catalina.core.StandardService - Starting service [Tomcat]
2020-01-19 15:45:36.217 [main] INFO  org.apache.catalina.core.StandardEngine - Starting Servlet engine: [Apache Tomcat/9.0.21]
2020-01-19 15:45:36.307 [main] INFO  o.a.c.core.ContainerBase.[Tomcat].[localhost].[/] - Initializing Spring embedded WebApplicationContext
2020-01-19 15:45:36.308 [main] INFO  org.springframework.web.context.ContextLoader - Root WebApplicationContext: initialization completed in 2113 ms
2020-01-19 15:45:37.265 [main] INFO  org.hibernate.jpa.internal.util.LogHelper - HHH000204: Processing PersistenceUnitInfo [
	name: default
	...]
2020-01-19 15:45:37.325 [main] INFO  org.hibernate.Version - HHH000412: Hibernate Core {5.3.10.Final}
2020-01-19 15:45:37.327 [main] INFO  org.hibernate.cfg.Environment - HHH000206: hibernate.properties not found
2020-01-19 15:45:37.459 [main] INFO  org.hibernate.annotations.common.Version - HCANN000001: Hibernate Commons Annotations {5.0.4.Final}
2020-01-19 15:45:37.598 [main] INFO  com.zaxxer.hikari.HikariDataSource - HikariPool-1 - Starting...
2020-01-19 15:45:37.718 [main] INFO  com.zaxxer.hikari.HikariDataSource - HikariPool-1 - Start completed.
2020-01-19 15:45:37.729 [main] INFO  org.hibernate.dialect.Dialect - HHH000400: Using dialect: org.hibernate.dialect.MySQL5InnoDBDialect
2020-01-19 15:45:38.401 [main] INFO  o.s.orm.jpa.LocalContainerEntityManagerFactoryBean - Initialized JPA EntityManagerFactory for persistence unit 'default'
2020-01-19 15:45:39.474 [main] INFO  o.s.scheduling.concurrent.ThreadPoolTaskExecutor - Initializing ExecutorService 'applicationTaskExecutor'
2020-01-19 15:45:39.770 [main] INFO  t.mybatis.mapper.autoconfigure.MapperCacheDisabler - Clear tk.mybatis.mapper.util.MsUtil CLASS_CACHE cache.
2020-01-19 15:45:39.771 [main] INFO  t.mybatis.mapper.autoconfigure.MapperCacheDisabler - Clear tk.mybatis.mapper.genid.GenIdUtil CACHE cache.
2020-01-19 15:45:39.771 [main] INFO  t.mybatis.mapper.autoconfigure.MapperCacheDisabler - Clear tk.mybatis.mapper.version.VersionUtil CACHE cache.
2020-01-19 15:45:39.771 [main] INFO  t.mybatis.mapper.autoconfigure.MapperCacheDisabler - Clear EntityHelper entityTableMap cache.
2020-01-19 15:45:40.237 [main] INFO  org.quartz.impl.StdSchedulerFactory - Using default implementation for ThreadExecutor
2020-01-19 15:45:40.247 [main] INFO  org.quartz.core.SchedulerSignalerImpl - Initialized Scheduler Signaller of type: class org.quartz.core.SchedulerSignalerImpl
2020-01-19 15:45:40.247 [main] INFO  org.quartz.core.QuartzScheduler - Quartz Scheduler v.2.3.1 created.
2020-01-19 15:45:40.248 [main] INFO  org.quartz.simpl.RAMJobStore - RAMJobStore initialized.
2020-01-19 15:45:40.249 [main] INFO  org.quartz.core.QuartzScheduler - Scheduler meta-data: Quartz Scheduler (v2.3.1) 'quartzScheduler' with instanceId 'NON_CLUSTERED'
  Scheduler class: 'org.quartz.core.QuartzScheduler' - running locally.
  NOT STARTED.
  Currently in standby mode.
  Number of jobs executed: 0
  Using thread pool 'org.quartz.simpl.SimpleThreadPool' - with 10 threads.
  Using job-store 'org.quartz.simpl.RAMJobStore' - which does not support persistence. and is not clustered.

2020-01-19 15:45:40.249 [main] INFO  org.quartz.impl.StdSchedulerFactory - Quartz scheduler 'quartzScheduler' initialized from an externally provided properties instance.
2020-01-19 15:45:40.249 [main] INFO  org.quartz.impl.StdSchedulerFactory - Quartz scheduler version: 2.3.1
2020-01-19 15:45:40.249 [main] INFO  org.quartz.core.QuartzScheduler - JobFactory set to: org.springframework.scheduling.quartz.SpringBeanJobFactory@139c2c19
2020-01-19 15:45:40.268 [main] INFO  o.s.scheduling.concurrent.ThreadPoolTaskScheduler - Initializing ExecutorService 'taskScheduler'
2020-01-19 15:45:40.299 [main] INFO  o.s.b.actuate.endpoint.web.EndpointLinksResolver - Exposing 2 endpoint(s) beneath base path '/actuator'
2020-01-19 15:45:40.397 [main] INFO  o.s.scheduling.quartz.SchedulerFactoryBean - Starting Quartz Scheduler now
2020-01-19 15:45:40.397 [main] INFO  org.quartz.core.QuartzScheduler - Scheduler quartzScheduler_$_NON_CLUSTERED started.
2020-01-19 15:45:40.413 [main] INFO  org.apache.coyote.http11.Http11NioProtocol - Starting ProtocolHandler ["http-nio-10088"]
2020-01-19 15:45:40.417 [pool-7-thread-1] INFO  com.process.boot.config.fs.FileSystemListener - ===================
2020-01-19 15:45:40.417 [pool-7-thread-1] INFO  com.process.boot.config.fs.FileSystemListener - 文件监控启动成功！
2020-01-19 15:45:40.417 [pool-7-thread-1] INFO  com.process.boot.config.fs.FileSystemListener - ===================
2020-01-19 15:45:40.438 [main] INFO  o.s.boot.web.embedded.tomcat.TomcatWebServer - Tomcat started on port(s): 10088 (http) with context path ''
2020-01-19 15:45:40.442 [main] INFO  com.process.boot.XbootApplication - Started XbootApplication in 6.979 seconds (JVM running for 10.084)
2020-01-19 15:45:45.790 [RMI TCP Connection(2)-172.16.8.76] INFO  o.s.a.rabbit.connection.CachingConnectionFactory - Attempting to connect to: [localhost:5672]
2020-01-19 15:45:45.807 [RMI TCP Connection(1)-172.16.8.76] INFO  o.a.c.core.ContainerBase.[Tomcat].[localhost].[/] - Initializing Spring DispatcherServlet 'dispatcherServlet'
2020-01-19 15:45:45.807 [RMI TCP Connection(1)-172.16.8.76] INFO  org.springframework.web.servlet.DispatcherServlet - Initializing Servlet 'dispatcherServlet'
2020-01-19 15:45:45.820 [RMI TCP Connection(1)-172.16.8.76] INFO  org.springframework.web.servlet.DispatcherServlet - Completed initialization in 13 ms
2020-01-19 15:45:45.838 [RMI TCP Connection(2)-172.16.8.76] INFO  o.s.a.rabbit.connection.CachingConnectionFactory - Created new connection: rabbitConnectionFactory#b272860:0/SimpleConnection@6e0bacb4 [delegate=amqp://admin@127.0.0.1:5672/, localPort= 55573]
2020-01-19 15:45:46.055 [parallel-1] INFO  io.lettuce.core.EpollProvider - Starting without optional epoll library
2020-01-19 15:45:46.057 [parallel-1] INFO  io.lettuce.core.KqueueProvider - Starting without optional kqueue library
2020-01-19 15:48:32.991 [http-nio-10088-exec-1] INFO  com.process.boot.mq.MqController - controller接收到的data===>status001<===
2020-01-19 15:54:01.533 [Thread-40] INFO  org.quartz.core.QuartzScheduler - Scheduler quartzScheduler_$_NON_CLUSTERED paused.
2020-01-19 15:54:01.573 [Thread-40] INFO  o.s.scheduling.concurrent.ThreadPoolTaskScheduler - Shutting down ExecutorService 'taskScheduler'
2020-01-19 15:54:01.573 [Thread-40] INFO  o.s.scheduling.quartz.SchedulerFactoryBean - Shutting down Quartz Scheduler
2020-01-19 15:54:01.573 [Thread-40] INFO  org.quartz.core.QuartzScheduler - Scheduler quartzScheduler_$_NON_CLUSTERED shutting down.
2020-01-19 15:54:01.573 [Thread-40] INFO  org.quartz.core.QuartzScheduler - Scheduler quartzScheduler_$_NON_CLUSTERED paused.
2020-01-19 15:54:01.574 [Thread-40] INFO  org.quartz.core.QuartzScheduler - Scheduler quartzScheduler_$_NON_CLUSTERED shutdown complete.
2020-01-19 15:54:01.576 [Thread-40] INFO  o.s.scheduling.concurrent.ThreadPoolTaskExecutor - Shutting down ExecutorService 'applicationTaskExecutor'
2020-01-19 15:54:01.577 [Thread-40] INFO  o.s.orm.jpa.LocalContainerEntityManagerFactoryBean - Closing JPA EntityManagerFactory for persistence unit 'default'
2020-01-19 15:54:02.705 [Thread-40] INFO  com.zaxxer.hikari.HikariDataSource - HikariPool-1 - Shutdown initiated...
2020-01-19 15:54:02.719 [Thread-40] INFO  com.zaxxer.hikari.HikariDataSource - HikariPool-1 - Shutdown completed.
2020-01-19 15:54:12.997 [main] INFO  com.process.boot.XbootApplication - Starting XbootApplication on kai.local with PID 91555 (/Users/xukaixuan/IdeaProjects/xboot/target/classes started by xukaixuan in /Users/xukaixuan/IdeaProjects/xboot)
2020-01-19 15:54:13.000 [main] INFO  com.process.boot.XbootApplication - No active profile set, falling back to default profiles: default
2020-01-19 15:54:13.985 [main] INFO  o.s.d.r.config.RepositoryConfigurationDelegate - Multiple Spring Data modules found, entering strict repository configuration mode!
2020-01-19 15:54:13.986 [main] INFO  o.s.d.r.config.RepositoryConfigurationDelegate - Bootstrapping Spring Data repositories in DEFAULT mode.
2020-01-19 15:54:14.026 [main] INFO  o.s.d.r.config.RepositoryConfigurationDelegate - Finished Spring Data repository scanning in 30ms. Found 0 repository interfaces.
2020-01-19 15:54:14.039 [main] INFO  o.s.d.r.config.RepositoryConfigurationDelegate - Multiple Spring Data modules found, entering strict repository configuration mode!
2020-01-19 15:54:14.040 [main] INFO  o.s.d.r.config.RepositoryConfigurationDelegate - Bootstrapping Spring Data repositories in DEFAULT mode.
2020-01-19 15:54:14.064 [main] INFO  o.s.d.r.config.RepositoryConfigurationDelegate - Finished Spring Data repository scanning in 15ms. Found 0 repository interfaces.
2020-01-19 15:54:14.673 [main] INFO  o.s.c.s.PostProcessorRegistrationDelegate$BeanPostProcessorChecker - Bean 'org.springframework.transaction.annotation.ProxyTransactionManagementConfiguration' of type [org.springframework.transaction.annotation.ProxyTransactionManagementConfiguration$$EnhancerBySpringCGLIB$$edd71d32] is not eligible for getting processed by all BeanPostProcessors (for example: not eligible for auto-proxying)
2020-01-19 15:54:15.189 [main] INFO  o.s.boot.web.embedded.tomcat.TomcatWebServer - Tomcat initialized with port(s): 10088 (http)
2020-01-19 15:54:15.206 [main] INFO  org.apache.coyote.http11.Http11NioProtocol - Initializing ProtocolHandler ["http-nio-10088"]
2020-01-19 15:54:15.217 [main] INFO  org.apache.catalina.core.StandardService - Starting service [Tomcat]
2020-01-19 15:54:15.217 [main] INFO  org.apache.catalina.core.StandardEngine - Starting Servlet engine: [Apache Tomcat/9.0.21]
2020-01-19 15:54:15.326 [main] INFO  o.a.c.core.ContainerBase.[Tomcat].[localhost].[/] - Initializing Spring embedded WebApplicationContext
2020-01-19 15:54:15.326 [main] INFO  org.springframework.web.context.ContextLoader - Root WebApplicationContext: initialization completed in 2265 ms
2020-01-19 15:54:16.311 [main] INFO  org.hibernate.jpa.internal.util.LogHelper - HHH000204: Processing PersistenceUnitInfo [
	name: default
	...]
2020-01-19 15:54:16.372 [main] INFO  org.hibernate.Version - HHH000412: Hibernate Core {5.3.10.Final}
2020-01-19 15:54:16.373 [main] INFO  org.hibernate.cfg.Environment - HHH000206: hibernate.properties not found
2020-01-19 15:54:16.507 [main] INFO  org.hibernate.annotations.common.Version - HCANN000001: Hibernate Commons Annotations {5.0.4.Final}
2020-01-19 15:54:16.639 [main] INFO  com.zaxxer.hikari.HikariDataSource - HikariPool-1 - Starting...
2020-01-19 15:54:16.753 [main] INFO  com.zaxxer.hikari.HikariDataSource - HikariPool-1 - Start completed.
2020-01-19 15:54:16.763 [main] INFO  org.hibernate.dialect.Dialect - HHH000400: Using dialect: org.hibernate.dialect.MySQL5InnoDBDialect
2020-01-19 15:54:17.426 [main] INFO  o.s.orm.jpa.LocalContainerEntityManagerFactoryBean - Initialized JPA EntityManagerFactory for persistence unit 'default'
2020-01-19 15:55:18.733 [main] INFO  o.s.scheduling.concurrent.ThreadPoolTaskExecutor - Initializing ExecutorService 'applicationTaskExecutor'
2020-01-19 15:55:19.029 [main] INFO  t.mybatis.mapper.autoconfigure.MapperCacheDisabler - Clear tk.mybatis.mapper.util.MsUtil CLASS_CACHE cache.
2020-01-19 15:55:19.029 [main] INFO  t.mybatis.mapper.autoconfigure.MapperCacheDisabler - Clear tk.mybatis.mapper.genid.GenIdUtil CACHE cache.
2020-01-19 15:55:19.030 [main] INFO  t.mybatis.mapper.autoconfigure.MapperCacheDisabler - Clear tk.mybatis.mapper.version.VersionUtil CACHE cache.
2020-01-19 15:55:19.030 [main] INFO  t.mybatis.mapper.autoconfigure.MapperCacheDisabler - Clear EntityHelper entityTableMap cache.
2020-01-19 15:55:19.533 [main] INFO  org.quartz.impl.StdSchedulerFactory - Using default implementation for ThreadExecutor
2020-01-19 15:55:19.543 [main] INFO  org.quartz.core.SchedulerSignalerImpl - Initialized Scheduler Signaller of type: class org.quartz.core.SchedulerSignalerImpl
2020-01-19 15:55:19.544 [main] INFO  org.quartz.core.QuartzScheduler - Quartz Scheduler v.2.3.1 created.
2020-01-19 15:55:19.544 [main] INFO  org.quartz.simpl.RAMJobStore - RAMJobStore initialized.
2020-01-19 15:55:19.545 [main] INFO  org.quartz.core.QuartzScheduler - Scheduler meta-data: Quartz Scheduler (v2.3.1) 'quartzScheduler' with instanceId 'NON_CLUSTERED'
  Scheduler class: 'org.quartz.core.QuartzScheduler' - running locally.
  NOT STARTED.
  Currently in standby mode.
  Number of jobs executed: 0
  Using thread pool 'org.quartz.simpl.SimpleThreadPool' - with 10 threads.
  Using job-store 'org.quartz.simpl.RAMJobStore' - which does not support persistence. and is not clustered.

2020-01-19 15:55:19.546 [main] INFO  org.quartz.impl.StdSchedulerFactory - Quartz scheduler 'quartzScheduler' initialized from an externally provided properties instance.
2020-01-19 15:55:19.546 [main] INFO  org.quartz.impl.StdSchedulerFactory - Quartz scheduler version: 2.3.1
2020-01-19 15:55:19.546 [main] INFO  org.quartz.core.QuartzScheduler - JobFactory set to: org.springframework.scheduling.quartz.SpringBeanJobFactory@5b7bd551
2020-01-19 15:55:19.565 [main] INFO  o.s.scheduling.concurrent.ThreadPoolTaskScheduler - Initializing ExecutorService 'taskScheduler'
2020-01-19 15:55:19.597 [main] INFO  o.s.b.actuate.endpoint.web.EndpointLinksResolver - Exposing 2 endpoint(s) beneath base path '/actuator'
2020-01-19 15:55:19.699 [main] INFO  o.s.scheduling.quartz.SchedulerFactoryBean - Starting Quartz Scheduler now
2020-01-19 15:55:19.699 [main] INFO  org.quartz.core.QuartzScheduler - Scheduler quartzScheduler_$_NON_CLUSTERED started.
2020-01-19 15:55:19.716 [main] INFO  org.apache.coyote.http11.Http11NioProtocol - Starting ProtocolHandler ["http-nio-10088"]
2020-01-19 15:55:19.720 [pool-7-thread-1] INFO  com.process.boot.config.fs.FileSystemListener - ===================
2020-01-19 15:55:19.721 [pool-7-thread-1] INFO  com.process.boot.config.fs.FileSystemListener - 文件监控启动成功！
2020-01-19 15:55:19.721 [pool-7-thread-1] INFO  com.process.boot.config.fs.FileSystemListener - ===================
2020-01-19 15:55:19.743 [main] INFO  o.s.boot.web.embedded.tomcat.TomcatWebServer - Tomcat started on port(s): 10088 (http) with context path ''
2020-01-19 15:55:19.747 [main] INFO  com.process.boot.XbootApplication - Started XbootApplication in 67.33 seconds (JVM running for 70.374)
2020-01-19 15:55:20.027 [RMI TCP Connection(5)-127.0.0.1] INFO  o.s.a.rabbit.connection.CachingConnectionFactory - Attempting to connect to: [localhost:5672]
2020-01-19 15:55:20.032 [RMI TCP Connection(3)-127.0.0.1] INFO  o.a.c.core.ContainerBase.[Tomcat].[localhost].[/] - Initializing Spring DispatcherServlet 'dispatcherServlet'
2020-01-19 15:55:20.032 [RMI TCP Connection(3)-127.0.0.1] INFO  org.springframework.web.servlet.DispatcherServlet - Initializing Servlet 'dispatcherServlet'
2020-01-19 15:55:20.045 [RMI TCP Connection(3)-127.0.0.1] INFO  org.springframework.web.servlet.DispatcherServlet - Completed initialization in 13 ms
2020-01-19 15:55:20.071 [RMI TCP Connection(5)-127.0.0.1] INFO  o.s.a.rabbit.connection.CachingConnectionFactory - Created new connection: rabbitConnectionFactory#5b5a89d1:0/SimpleConnection@3bcaa03f [delegate=amqp://admin@127.0.0.1:5672/, localPort= 55862]
2020-01-19 15:55:20.297 [parallel-1] INFO  io.lettuce.core.EpollProvider - Starting without optional epoll library
2020-01-19 15:55:20.298 [parallel-1] INFO  io.lettuce.core.KqueueProvider - Starting without optional kqueue library
2020-01-19 15:58:38.888 [http-nio-10088-exec-1] INFO  com.process.boot.mq.MqController - controller接收到的data===>status001<===
2020-01-19 16:01:57.756 [http-nio-10088-exec-1] INFO  o.s.a.rabbit.connection.CachingConnectionFactory - Attempting to connect to: [localhost:5672]
2020-01-19 16:01:57.767 [http-nio-10088-exec-1] INFO  o.s.a.rabbit.connection.CachingConnectionFactory - Created new connection: rabbitConnectionFactory#5b5a89d1:1/SimpleConnection@7a17e82d [delegate=amqp://admin@127.0.0.1:5672/, localPort= 56274]
2020-01-19 16:19:08.117 [quartzScheduler_QuartzSchedulerThread] INFO  o.s.d.r.config.RepositoryConfigurationDelegate - Bootstrapping Spring Data repositories in DEFAULT mode.
2020-01-19 16:19:08.126 [quartzScheduler_QuartzSchedulerThread] INFO  o.s.d.r.config.RepositoryConfigurationDelegate - Finished Spring Data repository scanning in 9ms. Found 0 repository interfaces.
2020-01-19 16:19:08.126 [quartzScheduler_QuartzSchedulerThread] INFO  o.s.d.r.config.RepositoryConfigurationDelegate - Bootstrapping Spring Data repositories in DEFAULT mode.
2020-01-19 16:19:08.134 [quartzScheduler_QuartzSchedulerThread] INFO  o.s.d.r.config.RepositoryConfigurationDelegate - Finished Spring Data repository scanning in 8ms. Found 0 repository interfaces.
2020-01-19 16:32:38.153 [quartzScheduler_QuartzSchedulerThread] INFO  o.s.d.r.config.RepositoryConfigurationDelegate - Bootstrapping Spring Data repositories in DEFAULT mode.
2020-01-19 16:32:38.169 [quartzScheduler_QuartzSchedulerThread] INFO  o.s.d.r.config.RepositoryConfigurationDelegate - Finished Spring Data repository scanning in 16ms. Found 0 repository interfaces.
2020-01-19 16:32:38.169 [quartzScheduler_QuartzSchedulerThread] INFO  o.s.d.r.config.RepositoryConfigurationDelegate - Bootstrapping Spring Data repositories in DEFAULT mode.
2020-01-19 16:32:38.182 [quartzScheduler_QuartzSchedulerThread] INFO  o.s.d.r.config.RepositoryConfigurationDelegate - Finished Spring Data repository scanning in 13ms. Found 0 repository interfaces.
2020-01-19 16:32:54.506 [Thread-41] INFO  org.quartz.core.QuartzScheduler - Scheduler quartzScheduler_$_NON_CLUSTERED paused.
2020-01-19 16:32:54.510 [Thread-41] INFO  o.s.scheduling.concurrent.ThreadPoolTaskScheduler - Shutting down ExecutorService 'taskScheduler'
2020-01-19 16:32:54.511 [Thread-41] INFO  o.s.scheduling.quartz.SchedulerFactoryBean - Shutting down Quartz Scheduler
2020-01-19 16:32:54.511 [Thread-41] INFO  org.quartz.core.QuartzScheduler - Scheduler quartzScheduler_$_NON_CLUSTERED shutting down.
2020-01-19 16:32:54.511 [Thread-41] INFO  org.quartz.core.QuartzScheduler - Scheduler quartzScheduler_$_NON_CLUSTERED paused.
2020-01-19 16:32:54.511 [Thread-41] INFO  org.quartz.core.QuartzScheduler - Scheduler quartzScheduler_$_NON_CLUSTERED shutdown complete.
2020-01-19 16:32:54.514 [Thread-41] INFO  o.s.scheduling.concurrent.ThreadPoolTaskExecutor - Shutting down ExecutorService 'applicationTaskExecutor'
2020-01-19 16:32:54.515 [Thread-41] INFO  o.s.orm.jpa.LocalContainerEntityManagerFactoryBean - Closing JPA EntityManagerFactory for persistence unit 'default'
